APP/MaestroAutoworks/app/build/intermediates/manifest_merge_blame_file/debug/manifest-merger-blame-debug-report.txt
1<?xml version="1.0" encoding="utf-8"?>
2<manifest xmlns:android="http://schemas.android.com/apk/res/android"
3    package="com.maestro.autoworks"
4    android:versionCode="1"
5    android:versionName="1.0" >
6
7    <uses-sdk
8        android:minSdkVersion="26"
9        android:targetSdkVersion="34" />
10
11    <uses-permission android:name="android.permission.INTERNET" />
11-->src\main\AndroidManifest.xml:4:5-66
11-->src\main\AndroidManifest.xml:4:22-64
12
13    <permission
13-->[androidx.core:core:1.9.0] AndroidManifest.xml:22:5-24:47
14        android:name="com.maestro.autoworks.DYNAMIC_RECEIVER_NOT_EXPORTED_PERMISSION"
14-->[androidx.core:core:1.9.0] AndroidManifest.xml:23:9-81
15        android:protectionLevel="signature" />
15-->[androidx.core:core:1.9.0] AndroidManifest.xml:24:9-44
16
17    <uses-permission android:name="com.maestro.autoworks.DYNAMIC_RECEIVER_NOT_EXPORTED_PERMISSION" />
17-->[androidx.core:core:1.9.0] AndroidManifest.xml:26:5-97
17-->[androidx.core:core:1.9.0] AndroidManifest.xml:26:22-94
18
19    <application
19-->src\main\AndroidManifest.xml:6:5-65:19
20        android:allowBackup="true"
20-->src\main\AndroidManifest.xml:7:9-35
21        android:appComponentFactory="androidx.core.app.CoreComponentFactory"
21-->[androidx.core:core:1.9.0] AndroidManifest.xml:28:18-86
22        android:debuggable="true"
23        android:extractNativeLibs="false"
24        android:icon="@mipmap/ic_launcher"
24-->src\main\AndroidManifest.xml:8:9-43
25        android:label="@string/app_name"
25-->src\main\AndroidManifest.xml:9:9-41
26        android:roundIcon="@mipmap/ic_launcher_round"
26-->src\main\AndroidManifest.xml:10:9-54
27        android:supportsRtl="true"
27-->src\main\AndroidManifest.xml:11:9-35
28        android:testOnly="true"
29        android:theme="@style/Theme.MaestroAutoworks" >
29-->src\main\AndroidManifest.xml:12:9-54
30
31        <!-- 1. Splash / Landing -->
32        <activity
32-->src\main\AndroidManifest.xml:15:9-20:20
33            android:name="com.maestro.autoworks.activities.MainActivity"
33-->src\main\AndroidManifest.xml:15:19-58
34            android:exported="true" >
34-->src\main\AndroidManifest.xml:15:59-82
35            <intent-filter>
35-->src\main\AndroidManifest.xml:16:13-19:29
36                <action android:name="android.intent.action.MAIN" />
36-->src\main\AndroidManifest.xml:17:17-68
36-->src\main\AndroidManifest.xml:17:25-66
37
38                <category android:name="android.intent.category.LAUNCHER" />
38-->src\main\AndroidManifest.xml:18:17-76
38-->src\main\AndroidManifest.xml:18:27-74
39            </intent-filter>
40        </activity>
41
42        <!-- 2. Login -->
43        <activity
43-->src\main\AndroidManifest.xml:23:9-86
44            android:name="com.maestro.autoworks.activities.LoginActivity"
44-->src\main\AndroidManifest.xml:23:19-59
45            android:exported="false" />
45-->src\main\AndroidManifest.xml:23:60-84
46
47        <!-- 3. Register -->
48        <activity
48-->src\main\AndroidManifest.xml:26:9-89
49            android:name="com.maestro.autoworks.activities.RegisterActivity"
49-->src\main\AndroidManifest.xml:26:19-62
50            android:exported="false" />
50-->src\main\AndroidManifest.xml:26:63-87
51
52        <!-- 4. Customer Home -->
53        <activity
53-->src\main\AndroidManifest.xml:29:9-85
54            android:name="com.maestro.autoworks.activities.HomeActivity"
54-->src\main\AndroidManifest.xml:29:19-58
55            android:exported="false" />
55-->src\main\AndroidManifest.xml:29:59-83
56
57        <!-- 5. Services -->
58        <activity
58-->src\main\AndroidManifest.xml:32:9-89
59            android:name="com.maestro.autoworks.activities.ServicesActivity"
59-->src\main\AndroidManifest.xml:32:19-62
60            android:exported="false" />
60-->src\main\AndroidManifest.xml:32:63-87
61
62        <!-- 6. Book Appointment -->
63        <activity
63-->src\main\AndroidManifest.xml:35:9-85
64            android:name="com.maestro.autoworks.activities.BookActivity"
64-->src\main\AndroidManifest.xml:35:19-58
65            android:exported="false" />
65-->src\main\AndroidManifest.xml:35:59-83
66
67        <!-- 7. My Appointments -->
68        <activity
68-->src\main\AndroidManifest.xml:38:9-93
69            android:name="com.maestro.autoworks.activities.AppointmentsActivity"
69-->src\main\AndroidManifest.xml:38:19-66
70            android:exported="false" />
70-->src\main\AndroidManifest.xml:38:67-91
71
72        <!-- 8. About -->
73        <activity
73-->src\main\AndroidManifest.xml:41:9-86
74            android:name="com.maestro.autoworks.activities.AboutActivity"
74-->src\main\AndroidManifest.xml:41:19-59
75            android:exported="false" />
75-->src\main\AndroidManifest.xml:41:60-84
76
77        <!-- 9. WebView -->
78        <activity
78-->src\main\AndroidManifest.xml:44:9-88
79            android:name="com.maestro.autoworks.activities.WebViewActivity"
79-->src\main\AndroidManifest.xml:44:19-61
80            android:exported="false" />
80-->src\main\AndroidManifest.xml:44:62-86
81
82        <!-- 10. Search -->
83        <activity
83-->src\main\AndroidManifest.xml:47:9-87
84            android:name="com.maestro.autoworks.activities.SearchActivity"
84-->src\main\AndroidManifest.xml:47:19-60
85            android:exported="false" />
85-->src\main\AndroidManifest.xml:47:61-85
86
87        <!-- ADMIN SECTION -->
88        <!-- A1. Admin Dashboard -->
89        <activity
89-->src\main\AndroidManifest.xml:51:9-95
90            android:name="com.maestro.autoworks.activities.AdminDashboardActivity"
90-->src\main\AndroidManifest.xml:51:19-68
91            android:exported="false" />
91-->src\main\AndroidManifest.xml:51:69-93
92
93        <!-- A2. Admin Appointments -->
94        <activity
94-->src\main\AndroidManifest.xml:54:9-56:39
95            android:name="com.maestro.autoworks.activities.AdminReportsActivity"
95-->src\main\AndroidManifest.xml:54:19-66
96            android:exported="false"
96-->src\main\AndroidManifest.xml:56:13-37
97            android:label="Reports — Maestro Autoworks" />
97-->src\main\AndroidManifest.xml:55:13-56
98        <activity
98-->src\main\AndroidManifest.xml:57:9-59:39
99            android:name="com.maestro.autoworks.activities.AdminPmsActivity"
99-->src\main\AndroidManifest.xml:57:19-62
100            android:exported="false"
100-->src\main\AndroidManifest.xml:59:13-37
101            android:label="Repair Tracker — Maestro Autoworks" />
101-->src\main\AndroidManifest.xml:58:13-63
102        <activity
102-->src\main\AndroidManifest.xml:60:9-98
103            android:name="com.maestro.autoworks.activities.AdminAppointmentsActivity"
103-->src\main\AndroidManifest.xml:60:19-71
104            android:exported="false" />
104-->src\main\AndroidManifest.xml:60:72-96
105
106        <!-- A3. Admin Services -->
107        <activity
107-->src\main\AndroidManifest.xml:63:9-94
108            android:name="com.maestro.autoworks.activities.AdminServicesActivity"
108-->src\main\AndroidManifest.xml:63:19-67
109            android:exported="false" />
109-->src\main\AndroidManifest.xml:63:68-92
110
111        <provider
111-->[androidx.emoji2:emoji2:1.2.0] AndroidManifest.xml:24:9-32:20
112            android:name="androidx.startup.InitializationProvider"
112-->[androidx.emoji2:emoji2:1.2.0] AndroidManifest.xml:25:13-67
113            android:authorities="com.maestro.autoworks.androidx-startup"
113-->[androidx.emoji2:emoji2:1.2.0] AndroidManifest.xml:26:13-68
114            android:exported="false" >
114-->[androidx.emoji2:emoji2:1.2.0] AndroidManifest.xml:27:13-37
115            <meta-data
115-->[androidx.emoji2:emoji2:1.2.0] AndroidManifest.xml:29:13-31:52
116                android:name="androidx.emoji2.text.EmojiCompatInitializer"
116-->[androidx.emoji2:emoji2:1.2.0] AndroidManifest.xml:30:17-75
117                android:value="androidx.startup" />
117-->[androidx.emoji2:emoji2:1.2.0] AndroidManifest.xml:31:17-49
118            <meta-data
118-->[androidx.lifecycle:lifecycle-process:2.6.1] AndroidManifest.xml:29:13-31:52
119                android:name="androidx.lifecycle.ProcessLifecycleInitializer"
119-->[androidx.lifecycle:lifecycle-process:2.6.1] AndroidManifest.xml:30:17-78
120                android:value="androidx.startup" />
120-->[androidx.lifecycle:lifecycle-process:2.6.1] AndroidManifest.xml:31:17-49
121            <meta-data
121-->[androidx.profileinstaller:profileinstaller:1.3.0] AndroidManifest.xml:29:13-31:52
122                android:name="androidx.profileinstaller.ProfileInstallerInitializer"
122-->[androidx.profileinstaller:profileinstaller:1.3.0] AndroidManifest.xml:30:17-85
123                android:value="androidx.startup" />
123-->[androidx.profileinstaller:profileinstaller:1.3.0] AndroidManifest.xml:31:17-49
124        </provider>
125
126        <receiver
126-->[androidx.profileinstaller:profileinstaller:1.3.0] AndroidManifest.xml:34:9-52:20
127            android:name="androidx.profileinstaller.ProfileInstallReceiver"
127-->[androidx.profileinstaller:profileinstaller:1.3.0] AndroidManifest.xml:35:13-76
128            android:directBootAware="false"
128-->[androidx.profileinstaller:profileinstaller:1.3.0] AndroidManifest.xml:36:13-44
129            android:enabled="true"
129-->[androidx.profileinstaller:profileinstaller:1.3.0] AndroidManifest.xml:37:13-35
130            android:exported="true"
130-->[androidx.profileinstaller:profileinstaller:1.3.0] AndroidManifest.xml:38:13-36
131            android:permission="android.permission.DUMP" >
131-->[androidx.profileinstaller:profileinstaller:1.3.0] AndroidManifest.xml:39:13-57
132            <intent-filter>
132-->[androidx.profileinstaller:profileinstaller:1.3.0] AndroidManifest.xml:40:13-42:29
133                <action android:name="androidx.profileinstaller.action.INSTALL_PROFILE" />
133-->[androidx.profileinstaller:profileinstaller:1.3.0] AndroidManifest.xml:41:17-91
133-->[androidx.profileinstaller:profileinstaller:1.3.0] AndroidManifest.xml:41:25-88
134            </intent-filter>
135            <intent-filter>
135-->[androidx.profileinstaller:profileinstaller:1.3.0] AndroidManifest.xml:43:13-45:29
136                <action android:name="androidx.profileinstaller.action.SKIP_FILE" />
136-->[androidx.profileinstaller:profileinstaller:1.3.0] AndroidManifest.xml:44:17-85
136-->[androidx.profileinstaller:profileinstaller:1.3.0] AndroidManifest.xml:44:25-82
137            </intent-filter>
138            <intent-filter>
138-->[androidx.profileinstaller:profileinstaller:1.3.0] AndroidManifest.xml:46:13-48:29
139                <action android:name="androidx.profileinstaller.action.SAVE_PROFILE" />
139-->[androidx.profileinstaller:profileinstaller:1.3.0] AndroidManifest.xml:47:17-88
139-->[androidx.profileinstaller:profileinstaller:1.3.0] AndroidManifest.xml:47:25-85
140            </intent-filter>
141            <intent-filter>
141-->[androidx.profileinstaller:profileinstaller:1.3.0] AndroidManifest.xml:49:13-51:29
142                <action android:name="androidx.profileinstaller.action.BENCHMARK_OPERATION" />
142-->[androidx.profileinstaller:profileinstaller:1.3.0] AndroidManifest.xml:50:17-95
142-->[androidx.profileinstaller:profileinstaller:1.3.0] AndroidManifest.xml:50:25-92
143            </intent-filter>
144        </receiver>
145    </application>
146
147</manifest>